!SESSION 2017-02-16 13:12:32.563 -----------------------------------------------
eclipse.buildId=4.6.0.I20160606-1100
java.version=1.8.0_112
java.vendor=Oracle Corporation
BootLoader constants: OS=linux, ARCH=x86_64, WS=gtk, NL=en_US
Framework arguments:  -product com.ti.ccstudio.branding.product
Command-line arguments:  -os linux -ws gtk -arch x86_64 -product com.ti.ccstudio.branding.product

!ENTRY com.ti.common.core 4 0 2017-02-16 13:13:30.196
!MESSAGE path=ccs_base/DebugServer

!ENTRY com.ti.common.core 4 0 2017-02-16 13:13:30.197
!MESSAGE debugServerDir=/opt/ti/ccsv7/ccs_base/DebugServer

!ENTRY org.eclipse.equinox.event 4 0 2017-02-16 13:13:32.911
!MESSAGE Exception while dispatching event org.osgi.service.event.Event [topic=org/eclipse/e4/ui/model/application/ApplicationElement/tags/ADD] {ChangedElement=org.eclipse.e4.ui.model.application.ui.basic.impl.PartStackImpl@22ea6051 (elementId: org.eclipse.e4.primaryDataStack, tags: [org.eclipse.e4.primaryDataStack, EditorStack, active, Maximized], contributorURI: null) (widget: CTabFolder {}, renderer: org.eclipse.e4.ui.workbench.renderers.swt.StackRenderer@3d1c8f35, toBeRendered: true, onTop: false, visible: true, containerData: null, accessibilityPhrase: null), org.eclipse.e4.data={ChangedElement=org.eclipse.e4.ui.model.application.ui.basic.impl.PartStackImpl@22ea6051 (elementId: org.eclipse.e4.primaryDataStack, tags: [org.eclipse.e4.primaryDataStack, EditorStack, active, Maximized], contributorURI: null) (widget: CTabFolder {}, renderer: org.eclipse.e4.ui.workbench.renderers.swt.StackRenderer@3d1c8f35, toBeRendered: true, onTop: false, visible: true, containerData: null, accessibilityPhrase: null), AttName=tags, EventType=ADD, Position=3, Widget=CTabFolder {}, NewValue=Maximized}, AttName=tags, EventType=ADD, Position=3, Widget=CTabFolder {}, NewValue=Maximized} to handler org.eclipse.e4.ui.internal.di.UIEventObjectSupplier$UIEventHandler@499445d2
!STACK 0
org.eclipse.e4.core.di.InjectionException: java.lang.IllegalArgumentException: 
	at org.eclipse.e4.core.internal.di.MethodRequestor.execute(MethodRequestor.java:64)
	at org.eclipse.e4.ui.internal.di.UIEventObjectSupplier$UIEventHandler$1.run(UIEventObjectSupplier.java:56)
	at org.eclipse.swt.widgets.Synchronizer.syncExec(Synchronizer.java:233)
	at org.eclipse.ui.internal.UISynchronizer.syncExec(UISynchronizer.java:145)
	at org.eclipse.swt.widgets.Display.syncExec(Display.java:5406)
	at org.eclipse.e4.ui.internal.workbench.swt.E4Application$1.syncExec(E4Application.java:211)
	at org.eclipse.e4.ui.internal.di.UIEventObjectSupplier$UIEventHandler.handleEvent(UIEventObjectSupplier.java:53)
	at org.eclipse.equinox.internal.event.EventHandlerWrapper.handleEvent(EventHandlerWrapper.java:201)
	at org.eclipse.equinox.internal.event.EventHandlerTracker.dispatchEvent(EventHandlerTracker.java:197)
	at org.eclipse.equinox.internal.event.EventHandlerTracker.dispatchEvent(EventHandlerTracker.java:1)
	at org.eclipse.osgi.framework.eventmgr.EventManager.dispatchEvent(EventManager.java:230)
	at org.eclipse.osgi.framework.eventmgr.ListenerQueue.dispatchEventSynchronous(ListenerQueue.java:148)
	at org.eclipse.equinox.internal.event.EventAdminImpl.dispatchEvent(EventAdminImpl.java:135)
	at org.eclipse.equinox.internal.event.EventAdminImpl.sendEvent(EventAdminImpl.java:78)
	at org.eclipse.equinox.internal.event.EventComponent.sendEvent(EventComponent.java:39)
	at org.eclipse.e4.ui.services.internal.events.EventBroker.send(EventBroker.java:94)
	at org.eclipse.e4.ui.internal.workbench.UIEventPublisher.notifyChanged(UIEventPublisher.java:60)
	at org.eclipse.emf.common.notify.impl.BasicNotifierImpl.eNotify(BasicNotifierImpl.java:374)
	at org.eclipse.emf.ecore.util.EcoreEList.dispatchNotification(EcoreEList.java:249)
	at org.eclipse.emf.common.notify.impl.NotifyingListImpl.addUnique(NotifyingListImpl.java:304)
	at org.eclipse.emf.common.util.AbstractEList.add(AbstractEList.java:303)
	at org.eclipse.ui.internal.WorkbenchIntroManager.setIntroStandby(WorkbenchIntroManager.java:196)
	at org.eclipse.ui.internal.WorkbenchIntroManager.showIntro(WorkbenchIntroManager.java:134)
	at org.eclipse.ui.application.WorkbenchWindowAdvisor.openIntro(WorkbenchWindowAdvisor.java:190)
	at org.eclipse.ui.internal.ide.application.IDEWorkbenchWindowAdvisor.openIntro(IDEWorkbenchWindowAdvisor.java:567)
	at org.eclipse.ui.internal.WorkbenchWindow.setup(WorkbenchWindow.java:776)
	at sun.reflect.NativeMethodAccessorImpl.invoke0(Native Method)
	at sun.reflect.NativeMethodAccessorImpl.invoke(NativeMethodAccessorImpl.java:62)
	at sun.reflect.DelegatingMethodAccessorImpl.invoke(DelegatingMethodAccessorImpl.java:43)
	at java.lang.reflect.Method.invoke(Method.java:498)
	at org.eclipse.e4.core.internal.di.MethodRequestor.execute(MethodRequestor.java:54)
	at org.eclipse.e4.core.internal.di.InjectorImpl.processAnnotated(InjectorImpl.java:966)
	at org.eclipse.e4.core.internal.di.InjectorImpl.inject(InjectorImpl.java:151)
	at org.eclipse.e4.core.internal.di.InjectorImpl.inject(InjectorImpl.java:118)
	at org.eclipse.e4.core.contexts.ContextInjectionFactory.inject(ContextInjectionFactory.java:73)
	at org.eclipse.ui.internal.Workbench.createWorkbenchWindow(Workbench.java:1525)
	at org.eclipse.ui.internal.Workbench.getActiveWorkbenchWindow(Workbench.java:1499)
	at com.ti.ccstudio.debug.ui.targetStatus.TargetStatusManager.addStatusBar(TargetStatusManager.java:379)
	at com.ti.ccstudio.debug.ui.targetStatus.statusBar.TargetStatusBar.fill(TargetStatusBar.java:44)
	at com.ti.ccstudio.debug.ui.targetStatus.statusBar.CCSStatusBar.createControl(CCSStatusBar.java:39)
	at org.eclipse.ui.menus.WorkbenchWindowControlContribution.delegateCreateControl(WorkbenchWindowControlContribution.java:105)
	at org.eclipse.ui.internal.menus.CompatibilityWorkbenchWindowControlContribution.construct(CompatibilityWorkbenchWindowControlContribution.java:90)
	at sun.reflect.NativeMethodAccessorImpl.invoke0(Native Method)
	at sun.reflect.NativeMethodAccessorImpl.invoke(NativeMethodAccessorImpl.java:62)
	at sun.reflect.DelegatingMethodAccessorImpl.invoke(DelegatingMethodAccessorImpl.java:43)
	at java.lang.reflect.Method.invoke(Method.java:498)
	at org.eclipse.e4.core.internal.di.MethodRequestor.execute(MethodRequestor.java:54)
	at org.eclipse.e4.core.internal.di.InjectorImpl.processAnnotated(InjectorImpl.java:966)
	at org.eclipse.e4.core.internal.di.InjectorImpl.inject(InjectorImpl.java:151)
	at org.eclipse.e4.core.internal.di.InjectorImpl.internalMake(InjectorImpl.java:375)
	at org.eclipse.e4.core.internal.di.InjectorImpl.make(InjectorImpl.java:308)
	at org.eclipse.e4.core.contexts.ContextInjectionFactory.make(ContextInjectionFactory.java:186)
	at org.eclipse.e4.ui.internal.workbench.ReflectionContributionFactory.createFromBundle(ReflectionContributionFactory.java:108)
	at org.eclipse.e4.ui.internal.workbench.ReflectionContributionFactory.doCreate(ReflectionContributionFactory.java:74)
	at org.eclipse.e4.ui.internal.workbench.ReflectionContributionFactory.create(ReflectionContributionFactory.java:51)
	at org.eclipse.e4.ui.workbench.renderers.swt.ToolControlContribution.createControl(ToolControlContribution.java:58)
	at org.eclipse.jface.action.ControlContribution.fill(ControlContribution.java:101)
	at org.eclipse.jface.action.ToolBarManager.update(ToolBarManager.java:343)
	at org.eclipse.e4.ui.workbench.renderers.swt.ToolBarManagerRenderer.subscribeTopicUpdateToBeRendered(ToolBarManagerRenderer.java:213)
	at sun.reflect.GeneratedMethodAccessor4.invoke(Unknown Source)
	at sun.reflect.DelegatingMethodAccessorImpl.invoke(DelegatingMethodAccessorImpl.java:43)
	at java.lang.reflect.Method.invoke(Method.java:498)
	at org.eclipse.e4.core.internal.di.MethodRequestor.execute(MethodRequestor.java:54)
	at org.eclipse.e4.ui.internal.di.UIEventObjectSupplier$UIEventHandler$1.run(UIEventObjectSupplier.java:56)
	at org.eclipse.swt.widgets.Synchronizer.syncExec(Synchronizer.java:233)
	at org.eclipse.ui.internal.UISynchronizer.syncExec(UISynchronizer.java:145)
	at org.eclipse.swt.widgets.Display.syncExec(Display.java:5406)
	at org.eclipse.e4.ui.internal.workbench.swt.E4Application$1.syncExec(E4Application.java:211)
	at org.eclipse.e4.ui.internal.di.UIEventObjectSupplier$UIEventHandler.handleEvent(UIEventObjectSupplier.java:53)
	at org.eclipse.equinox.internal.event.EventHandlerWrapper.handleEvent(EventHandlerWrapper.java:201)
	at org.eclipse.equinox.internal.event.EventHandlerTracker.dispatchEvent(EventHandlerTracker.java:197)
	at org.eclipse.equinox.internal.event.EventHandlerTracker.dispatchEvent(EventHandlerTracker.java:1)
	at org.eclipse.osgi.framework.eventmgr.EventManager.dispatchEvent(EventManager.java:230)
	at org.eclipse.osgi.framework.eventmgr.ListenerQueue.dispatchEventSynchronous(ListenerQueue.java:148)
	at org.eclipse.equinox.internal.event.EventAdminImpl.dispatchEvent(EventAdminImpl.java:135)
	at org.eclipse.equinox.internal.event.EventAdminImpl.sendEvent(EventAdminImpl.java:78)
	at org.eclipse.equinox.internal.event.EventComponent.sendEvent(EventComponent.java:39)
	at org.eclipse.e4.ui.services.internal.events.EventBroker.send(EventBroker.java:94)
	at org.eclipse.e4.ui.internal.workbench.UIEventPublisher.notifyChanged(UIEventPublisher.java:60)
	at org.eclipse.emf.common.notify.impl.BasicNotifierImpl.eNotify(BasicNotifierImpl.java:374)
	at org.eclipse.e4.ui.model.application.ui.impl.UIElementImpl.setVisible(UIElementImpl.java:345)
	at org.eclipse.e4.ui.workbench.renderers.swt.ToolBarContributionRecord.updateVisibility(ToolBarContributionRecord.java:74)
	at org.eclipse.e4.ui.workbench.renderers.swt.ToolBarManagerRenderer$5.changed(ToolBarManagerRenderer.java:479)
	at org.eclipse.e4.core.internal.contexts.TrackableComputationExt.update(TrackableComputationExt.java:114)
	at org.eclipse.e4.core.internal.contexts.EclipseContext.runAndTrack(EclipseContext.java:324)
	at org.eclipse.e4.ui.workbench.renderers.swt.ToolBarManagerRenderer.processAddition(ToolBarManagerRenderer.java:471)
	at org.eclipse.e4.ui.workbench.renderers.swt.ToolBarManagerRenderer.generateContributions(ToolBarManagerRenderer.java:447)
	at org.eclipse.e4.ui.workbench.renderers.swt.ToolBarManagerRenderer.processContribution(ToolBarManagerRenderer.java:413)
	at org.eclipse.e4.ui.workbench.renderers.swt.ToolBarManagerRenderer.createWidget(ToolBarManagerRenderer.java:373)
	at org.eclipse.e4.ui.internal.workbench.swt.PartRenderingEngine.createWidget(PartRenderingEngine.java:975)
	at org.eclipse.e4.ui.internal.workbench.swt.PartRenderingEngine.safeCreateGui(PartRenderingEngine.java:651)
	at org.eclipse.e4.ui.internal.workbench.swt.PartRenderingEngine.safeCreateGui(PartRenderingEngine.java:757)
	at org.eclipse.e4.ui.internal.workbench.swt.PartRenderingEngine.access$0(PartRenderingEngine.java:728)
	at org.eclipse.e4.ui.internal.workbench.swt.PartRenderingEngine$2.run(PartRenderingEngine.java:722)
	at org.eclipse.core.runtime.SafeRunner.run(SafeRunner.java:42)
	at org.eclipse.e4.ui.internal.workbench.swt.PartRenderingEngine.createGui(PartRenderingEngine.java:706)
	at org.eclipse.e4.ui.internal.workbench.swt.PartRenderingEngine.subscribeChildrenHandler(PartRenderingEngine.java:296)
	at sun.reflect.GeneratedMethodAccessor7.invoke(Unknown Source)
	at sun.reflect.DelegatingMethodAccessorImpl.invoke(DelegatingMethodAccessorImpl.java:43)
	at java.lang.reflect.Method.invoke(Method.java:498)
	at org.eclipse.e4.core.internal.di.MethodRequestor.execute(MethodRequestor.java:54)
	at org.eclipse.e4.core.di.internal.extensions.EventObjectSupplier$DIEventHandler.handleEvent(EventObjectSupplier.java:80)
	at org.eclipse.equinox.internal.event.EventHandlerWrapper.handleEvent(EventHandlerWrapper.java:201)
	at org.eclipse.equinox.internal.event.EventHandlerTracker.dispatchEvent(EventHandlerTracker.java:197)
	at org.eclipse.equinox.internal.event.EventHandlerTracker.dispatchEvent(EventHandlerTracker.java:1)
	at org.eclipse.osgi.framework.eventmgr.EventManager.dispatchEvent(EventManager.java:230)
	at org.eclipse.osgi.framework.eventmgr.ListenerQueue.dispatchEventSynchronous(ListenerQueue.java:148)
	at org.eclipse.equinox.internal.event.EventAdminImpl.dispatchEvent(EventAdminImpl.java:135)
	at org.eclipse.equinox.internal.event.EventAdminImpl.sendEvent(EventAdminImpl.java:78)
	at org.eclipse.equinox.internal.event.EventComponent.sendEvent(EventComponent.java:39)
	at org.eclipse.e4.ui.services.internal.events.EventBroker.send(EventBroker.java:94)
	at org.eclipse.e4.ui.internal.workbench.UIEventPublisher.notifyChanged(UIEventPublisher.java:60)
	at org.eclipse.emf.common.notify.impl.BasicNotifierImpl.eNotify(BasicNotifierImpl.java:374)
	at org.eclipse.emf.ecore.util.EcoreEList.dispatchNotification(EcoreEList.java:249)
	at org.eclipse.emf.common.notify.impl.NotifyingListImpl.addUnique(NotifyingListImpl.java:356)
	at org.eclipse.emf.common.util.AbstractEList.add(AbstractEList.java:341)
	at org.eclipse.e4.ui.internal.workbench.ContributionsAnalyzer.processAddition(ContributionsAnalyzer.java:370)
	at org.eclipse.e4.ui.workbench.renderers.swt.TrimBarRenderer.addTrimContributions(TrimBarRenderer.java:171)
	at org.eclipse.e4.ui.workbench.renderers.swt.TrimBarRenderer.processContents(TrimBarRenderer.java:143)
	at org.eclipse.e4.ui.internal.workbench.swt.PartRenderingEngine.safeCreateGui(PartRenderingEngine.java:665)
	at org.eclipse.e4.ui.internal.workbench.swt.PartRenderingEngine$1.run(PartRenderingEngine.java:536)
	at org.eclipse.core.runtime.SafeRunner.run(SafeRunner.java:42)
	at org.eclipse.e4.ui.internal.workbench.swt.PartRenderingEngine.createGui(PartRenderingEngine.java:520)
	at org.eclipse.e4.ui.workbench.renderers.swt.WBWRenderer.processContents(WBWRenderer.java:747)
	at org.eclipse.e4.ui.internal.workbench.swt.PartRenderingEngine.safeCreateGui(PartRenderingEngine.java:665)
	at org.eclipse.e4.ui.internal.workbench.swt.PartRenderingEngine.safeCreateGui(PartRenderingEngine.java:757)
	at org.eclipse.e4.ui.internal.workbench.swt.PartRenderingEngine.access$0(PartRenderingEngine.java:728)
	at org.eclipse.e4.ui.internal.workbench.swt.PartRenderingEngine$2.run(PartRenderingEngine.java:722)
	at org.eclipse.core.runtime.SafeRunner.run(SafeRunner.java:42)
	at org.eclipse.e4.ui.internal.workbench.swt.PartRenderingEngine.createGui(PartRenderingEngine.java:706)
	at org.eclipse.e4.ui.internal.workbench.swt.PartRenderingEngine$4.run(PartRenderingEngine.java:1059)
	at org.eclipse.core.databinding.observable.Realm.runWithDefault(Realm.java:336)
	at org.eclipse.e4.ui.internal.workbench.swt.PartRenderingEngine.run(PartRenderingEngine.java:1022)
	at org.eclipse.e4.ui.internal.workbench.E4Workbench.createAndRunUI(E4Workbench.java:150)
	at org.eclipse.ui.internal.Workbench$5.run(Workbench.java:687)
	at org.eclipse.core.databinding.observable.Realm.runWithDefault(Realm.java:336)
	at org.eclipse.ui.internal.Workbench.createAndRunWorkbench(Workbench.java:604)
	at org.eclipse.ui.PlatformUI.createAndRunWorkbench(PlatformUI.java:148)
	at org.eclipse.ui.internal.ide.application.IDEApplication.start(IDEApplication.java:138)
	at org.eclipse.equinox.internal.app.EclipseAppHandle.run(EclipseAppHandle.java:196)
	at org.eclipse.core.runtime.internal.adaptor.EclipseAppLauncher.runApplication(EclipseAppLauncher.java:134)
	at org.eclipse.core.runtime.internal.adaptor.EclipseAppLauncher.start(EclipseAppLauncher.java:104)
	at org.eclipse.core.runtime.adaptor.EclipseStarter.run(EclipseStarter.java:388)
	at org.eclipse.core.runtime.adaptor.EclipseStarter.run(EclipseStarter.java:243)
	at sun.reflect.NativeMethodAccessorImpl.invoke0(Native Method)
	at sun.reflect.NativeMethodAccessorImpl.invoke(NativeMethodAccessorImpl.java:62)
	at sun.reflect.DelegatingMethodAccessorImpl.invoke(DelegatingMethodAccessorImpl.java:43)
	at java.lang.reflect.Method.invoke(Method.java:498)
	at org.eclipse.equinox.launcher.Main.invokeFramework(Main.java:673)
	at org.eclipse.equinox.launcher.Main.basicRun(Main.java:610)
	at org.eclipse.equinox.launcher.Main.run(Main.java:1519)
Caused by: java.lang.IllegalArgumentException: 
	at org.eclipse.core.runtime.Assert.isLegal(Assert.java:63)
	at org.eclipse.core.runtime.Assert.isLegal(Assert.java:47)
	at org.eclipse.e4.ui.internal.workbench.ModelServiceImpl.findElementsRecursive(ModelServiceImpl.java:145)
	at org.eclipse.e4.ui.internal.workbench.ModelServiceImpl.findElements(ModelServiceImpl.java:394)
	at org.eclipse.e4.ui.internal.workbench.ModelServiceImpl.findElements(ModelServiceImpl.java:380)
	at org.eclipse.e4.ui.internal.workbench.ModelServiceImpl.getActivePerspective(ModelServiceImpl.java:959)
	at org.eclipse.e4.ui.workbench.addons.minmax.MinMaxAddon.getElementsToMinimize(MinMaxAddon.java:680)
	at org.eclipse.e4.ui.workbench.addons.minmax.MinMaxAddon.maximize(MinMaxAddon.java:655)
	at org.eclipse.e4.ui.workbench.addons.minmax.MinMaxAddon.subscribeTopicTagsChanged(MinMaxAddon.java:363)
	at sun.reflect.GeneratedMethodAccessor2.invoke(Unknown Source)
	at sun.reflect.DelegatingMethodAccessorImpl.invoke(DelegatingMethodAccessorImpl.java:43)
	at java.lang.reflect.Method.invoke(Method.java:498)
	at org.eclipse.e4.core.internal.di.MethodRequestor.execute(MethodRequestor.java:54)
	... 150 more

!ENTRY org.eclipse.cdt.core 1 0 2017-02-16 13:17:34.670
!MESSAGE Indexed 'Assignment1' (2 sources, 10 headers) in 0.088 sec: 112 declarations; 508 references; 0 unresolved inclusions; 3 syntax errors; 0 unresolved names (0%)

!ENTRY com.ti.ccstudio.debug 1 0 2017-02-16 13:20:44.692
!MESSAGE DS_ERROR: CORTEX_M4_0: File Loader: Verification failed: Values at address 0x00000720 do not match Please verify target memory and memory map.


!ENTRY com.ti.ccstudio.debug 1 0 2017-02-16 13:20:44.695
!MESSAGE DS_ERROR: CORTEX_M4_0: GEL: File: /home/vision/Dropbox/SDU/4_Semester_2017/EMP/CCS7_Workspace/Assignment1/Debug/Assignment1.out: a data verification error occurred, file load failed.


!ENTRY com.ti.ccstudio.debug 1 0 2017-02-16 13:21:10.646
!MESSAGE DS_ERROR: CORTEX_M4_0: File Loader: Verification failed: Values at address 0x00000720 do not match Please verify target memory and memory map.


!ENTRY com.ti.ccstudio.debug 1 0 2017-02-16 13:21:10.647
!MESSAGE DS_ERROR: CORTEX_M4_0: GEL: File: /home/vision/Dropbox/SDU/4_Semester_2017/EMP/CCS7_Workspace/Assignment1/Debug/Assignment1.out: a data verification error occurred, file load failed.


!ENTRY com.ti.ccstudio.system.setup.ui 1 0 2017-02-16 13:21:23.384
!MESSAGE targetCfgPath1=/home/vision/user/CCSTargetConfigurations

!ENTRY com.ti.ccstudio.system.setup.ui 1 0 2017-02-16 13:21:23.384
!MESSAGE targetCfgPath2=/home/vision/ti/CCSTargetConfigurations

!ENTRY com.ti.ccstudio.debug 1 0 2017-02-16 13:21:43.467
!MESSAGE DS_ERROR: CORTEX_M4_0: File Loader: Verification failed: Values at address 0x00000720 do not match Please verify target memory and memory map.


!ENTRY com.ti.ccstudio.debug 1 0 2017-02-16 13:21:43.468
!MESSAGE DS_ERROR: CORTEX_M4_0: GEL: File: /home/vision/Dropbox/SDU/4_Semester_2017/EMP/CCS7_Workspace/Assignment1/Debug/Assignment1.out: a data verification error occurred, file load failed.


!ENTRY com.ti.ccstudio.debug 1 0 2017-02-16 13:22:26.747
!MESSAGE DS_ERROR: CORTEX_M4_0: File Loader: Verification failed: Values at address 0x00000720 do not match Please verify target memory and memory map.


!ENTRY com.ti.ccstudio.debug 1 0 2017-02-16 13:22:26.748
!MESSAGE DS_ERROR: CORTEX_M4_0: GEL: File: /home/vision/Dropbox/SDU/4_Semester_2017/EMP/CCS7_Workspace/Assignment1/Debug/Assignment1.out: a data verification error occurred, file load failed.

!SESSION 2017-02-16 12:26:17.663 -----------------------------------------------
eclipse.buildId=4.6.0.I20160606-1100
java.version=1.8.0_112
java.vendor=Oracle Corporation
BootLoader constants: OS=win32, ARCH=x86, WS=win32, NL=en_US
Framework arguments:  -product com.ti.ccstudio.branding.product
Command-line arguments:  -os win32 -ws win32 -arch x86 -product com.ti.ccstudio.branding.product

!ENTRY com.ti.common.core 4 0 2017-02-16 12:27:46.970
!MESSAGE path=ccs_base/DebugServer

!ENTRY com.ti.common.core 4 0 2017-02-16 12:27:46.988
!MESSAGE debugServerDir=C:/ti/ccsv7/ccs_base/DebugServer
!SESSION 2017-02-16 13:34:39.591 -----------------------------------------------
eclipse.buildId=4.6.0.I20160606-1100
java.version=1.8.0_112
java.vendor=Oracle Corporation
BootLoader constants: OS=linux, ARCH=x86_64, WS=gtk, NL=en_US
Framework arguments:  -product com.ti.ccstudio.branding.product
Command-line arguments:  -os linux -ws gtk -arch x86_64 -product com.ti.ccstudio.branding.product

!ENTRY com.ti.common.core 4 0 2017-02-16 13:35:04.024
!MESSAGE path=ccs_base/DebugServer

!ENTRY com.ti.common.core 4 0 2017-02-16 13:35:04.024
!MESSAGE debugServerDir=/opt/ti/ccsv7/ccs_base/DebugServer

!ENTRY com.ti.ccstudio.debug 1 0 2017-02-16 13:35:19.122
!MESSAGE DS_ERROR: CORTEX_M4_0: File Loader: Verification failed: Values at address 0x00000720 do not match Please verify target memory and memory map.


!ENTRY com.ti.ccstudio.debug 1 0 2017-02-16 13:35:19.129
!MESSAGE DS_ERROR: CORTEX_M4_0: GEL: File: /home/vision/Dropbox/SDU/4_Semester_2017/EMP/CCS7_Workspace/Assignment1/Debug/Assignment1.out: a data verification error occurred, file load failed.


!ENTRY com.ti.ccstudio.debug 1 0 2017-02-16 13:35:41.320
!MESSAGE DS_ERROR: CORTEX_M4_0: File Loader: Verification failed: Values at address 0x00000720 do not match Please verify target memory and memory map.


!ENTRY com.ti.ccstudio.debug 1 0 2017-02-16 13:35:41.321
!MESSAGE DS_ERROR: CORTEX_M4_0: GEL: File: /home/vision/Dropbox/SDU/4_Semester_2017/EMP/CCS7_Workspace/Assignment1/Debug/Assignment1.out: a data verification error occurred, file load failed.


!ENTRY com.ti.ccstudio.debug 1 0 2017-02-16 13:36:10.521
!MESSAGE DS_ERROR: CORTEX_M4_0: File Loader: Verification failed: Values at address 0x00000720 do not match Please verify target memory and memory map.


!ENTRY com.ti.ccstudio.debug 1 0 2017-02-16 13:36:10.522
!MESSAGE DS_ERROR: CORTEX_M4_0: GEL: File: /home/vision/Dropbox/SDU/4_Semester_2017/EMP/CCS7_Workspace/Assignment1/Debug/Assignment1.out: a data verification error occurred, file load failed.

!SESSION 2017-02-16 14:18:35.286 -----------------------------------------------
eclipse.buildId=4.6.0.I20160606-1100
java.version=1.8.0_112
java.vendor=Oracle Corporation
BootLoader constants: OS=linux, ARCH=x86_64, WS=gtk, NL=en_US
Framework arguments:  -product com.ti.ccstudio.branding.product
Command-line arguments:  -os linux -ws gtk -arch x86_64 -product com.ti.ccstudio.branding.product

!ENTRY com.ti.common.core 4 0 2017-02-16 14:18:56.754
!MESSAGE path=ccs_base/DebugServer

!ENTRY com.ti.common.core 4 0 2017-02-16 14:18:56.755
!MESSAGE debugServerDir=/opt/ti/ccsv7/ccs_base/DebugServer

!ENTRY com.ti.ccstudio.debug 1 0 2017-02-16 14:19:20.535
!MESSAGE DS_ERROR: CORTEX_M4_0: File Loader: Verification failed: Values at address 0x00000720 do not match Please verify target memory and memory map.


!ENTRY com.ti.ccstudio.debug 1 0 2017-02-16 14:19:20.540
!MESSAGE DS_ERROR: CORTEX_M4_0: GEL: File: /home/vision/Dropbox/SDU/4_Semester_2017/EMP/CCS7_Workspace/Assignment1/Debug/Assignment1.out: a data verification error occurred, file load failed.


!ENTRY com.ti.ccstudio.debug 1 0 2017-02-16 14:19:28.100
!MESSAGE DS_ERROR: CORTEX_M4_0: Error: Connection with the target was unexpectedly lost.


!ENTRY com.ti.ccstudio.debug 1 0 2017-02-16 14:19:28.103
!MESSAGE DS_ERROR: CORTEX_M4_0: Failed to remove the debug state from the target before disconnecting.  There may still be breakpoint op-codes embedded in program memory.  It is recommended that you reset the emulator before you connect and reload your program before you continue debugging


!ENTRY com.ti.ccstudio.debug 1 0 2017-02-16 14:19:48.142
!MESSAGE DS_ERROR: CORTEX_M4_0: Error connecting to the target: Frequency is out of range.


!ENTRY com.ti.ccstudio.debug 1 0 2017-02-16 14:19:48.190
!MESSAGE DS_ERROR: Error connecting to the target:
Frequency is out of range.

!ENTRY com.ti.ccstudio.debug 1 0 2017-02-16 14:19:54.364
!MESSAGE DS_ERROR: CORTEX_M4_0: Error connecting to the target: Frequency is out of range.


!ENTRY com.ti.ccstudio.debug 1 0 2017-02-16 14:19:54.404
!MESSAGE DS_ERROR: Error connecting to the target:
Frequency is out of range.

!ENTRY com.ti.ccstudio.debug 1 0 2017-02-16 14:20:30.762
!MESSAGE DS_ERROR: CORTEX_M4_0: File Loader: Verification failed: Values at address 0x00000720 do not match Please verify target memory and memory map.


!ENTRY com.ti.ccstudio.debug 1 0 2017-02-16 14:20:30.763
!MESSAGE DS_ERROR: CORTEX_M4_0: GEL: File: /home/vision/Dropbox/SDU/4_Semester_2017/EMP/CCS7_Workspace/Assignment1/Debug/Assignment1.out: a data verification error occurred, file load failed.


!ENTRY com.ti.ccstudio.system.setup.ui 1 0 2017-02-16 14:22:21.664
!MESSAGE targetCfgPath1=/home/vision/user/CCSTargetConfigurations

!ENTRY com.ti.ccstudio.system.setup.ui 1 0 2017-02-16 14:22:21.664
!MESSAGE targetCfgPath2=/home/vision/ti/CCSTargetConfigurations

!ENTRY com.ti.ccstudio.debug 1 0 2017-02-16 14:23:10.263
!MESSAGE DS_ERROR: CORTEX_M4_0: File Loader: Verification failed: Values at address 0x00000720 do not match Please verify target memory and memory map.


!ENTRY com.ti.ccstudio.debug 1 0 2017-02-16 14:23:10.264
!MESSAGE DS_ERROR: CORTEX_M4_0: GEL: File: /home/vision/Dropbox/SDU/4_Semester_2017/EMP/CCS7_Workspace/Assignment1/Debug/Assignment1.out: a data verification error occurred, file load failed.


!ENTRY com.ti.ccstudio.debug 1 0 2017-02-16 14:31:33.198
!MESSAGE DS_ERROR: CORTEX_M4_0: File Loader: Verification failed: Values at address 0x00000720 do not match Please verify target memory and memory map.


!ENTRY com.ti.ccstudio.debug 1 0 2017-02-16 14:31:33.199
!MESSAGE DS_ERROR: CORTEX_M4_0: GEL: File: /home/vision/Dropbox/SDU/4_Semester_2017/EMP/CCS7_Workspace/Assignment1/Debug/Assignment1.out: a data verification error occurred, file load failed.


!ENTRY com.ti.ccstudio.debug 1 0 2017-02-16 14:31:52.056
!MESSAGE DS_ERROR: CORTEX_M4_0: File Loader: Verification failed: Values at address 0x00000720 do not match Please verify target memory and memory map.


!ENTRY com.ti.ccstudio.debug 1 0 2017-02-16 14:31:52.057
!MESSAGE DS_ERROR: CORTEX_M4_0: GEL: File: /home/vision/Dropbox/SDU/4_Semester_2017/EMP/CCS7_Workspace/Assignment1/Debug/Assignment1.out: a data verification error occurred, file load failed.


!ENTRY com.ti.ccstudio.debug 1 0 2017-02-16 14:39:38.597
!MESSAGE DS_ERROR: CORTEX_M4_0: File Loader: Verification failed: Values at address 0x00000720 do not match Please verify target memory and memory map.


!ENTRY com.ti.ccstudio.debug 1 0 2017-02-16 14:39:38.598
!MESSAGE DS_ERROR: CORTEX_M4_0: GEL: File: /home/vision/Dropbox/SDU/4_Semester_2017/EMP/CCS7_Workspace/Assignment1/Debug/Assignment1.out: a data verification error occurred, file load failed.


!ENTRY com.ti.ccstudio.debug 1 0 2017-02-16 14:56:36.352
!MESSAGE DS_ERROR: CORTEX_M4_0: File Loader: Verification failed: Values at address 0x00000720 do not match Please verify target memory and memory map.


!ENTRY com.ti.ccstudio.debug 1 0 2017-02-16 14:56:36.361
!MESSAGE DS_ERROR: CORTEX_M4_0: GEL: File: /home/vision/Dropbox/SDU/4_Semester_2017/EMP/CCS7_Workspace/Assignment1/Debug/Assignment1.out: a data verification error occurred, file load failed.


!ENTRY com.ti.ccstudio.debug 1 0 2017-02-16 15:00:15.081
!MESSAGE DS_ERROR: CORTEX_M4_0: File Loader: Verification failed: Values at address 0x00000720 do not match Please verify target memory and memory map.


!ENTRY com.ti.ccstudio.debug 1 0 2017-02-16 15:00:15.082
!MESSAGE DS_ERROR: CORTEX_M4_0: GEL: File: /home/vision/Dropbox/SDU/4_Semester_2017/EMP/CCS7_Workspace/Assignment1/Debug/Assignment1.out: a data verification error occurred, file load failed.


!ENTRY com.ti.ccstudio.debug 1 0 2017-02-16 15:00:32.714
!MESSAGE DS_ERROR: CORTEX_M4_0: File Loader: Verification failed: Values at address 0x00000720 do not match Please verify target memory and memory map.


!ENTRY com.ti.ccstudio.debug 1 0 2017-02-16 15:00:32.715
!MESSAGE DS_ERROR: CORTEX_M4_0: GEL: File: /home/vision/Dropbox/SDU/4_Semester_2017/EMP/CCS7_Workspace/Assignment1/Debug/Assignment1.out: a data verification error occurred, file load failed.


!ENTRY com.ti.ccstudio.debug 1 0 2017-02-16 15:10:37.380
!MESSAGE DS_ERROR: CORTEX_M4_0: File Loader: Verification failed: Values at address 0x00000718 do not match Please verify target memory and memory map.


!ENTRY com.ti.ccstudio.debug 1 0 2017-02-16 15:10:37.380
!MESSAGE DS_ERROR: CORTEX_M4_0: GEL: File: /home/vision/Dropbox/SDU/4_Semester_2017/EMP/CCS7_Workspace/Assignment1/Debug/Assignment1.out: a data verification error occurred, file load failed.


!ENTRY com.ti.ccstudio.debug 1 0 2017-02-16 15:15:44.167
!MESSAGE DS_ERROR: CORTEX_M4_0: File Loader: Verification failed: Values at address 0x00000720 do not match Please verify target memory and memory map.


!ENTRY com.ti.ccstudio.debug 1 0 2017-02-16 15:15:44.168
!MESSAGE DS_ERROR: CORTEX_M4_0: GEL: File: /home/vision/Dropbox/SDU/4_Semester_2017/EMP/CCS7_Workspace/Assignment1/Debug/Assignment1.out: a data verification error occurred, file load failed.


!ENTRY com.ti.ccstudio.debug 1 0 2017-02-16 15:41:22.403
!MESSAGE DS_ERROR: CORTEX_M4_0: File Loader: Verification failed: Values at address 0x0000071C do not match Please verify target memory and memory map.


!ENTRY com.ti.ccstudio.debug 1 0 2017-02-16 15:41:22.403
!MESSAGE DS_ERROR: CORTEX_M4_0: GEL: File: /home/vision/Dropbox/SDU/4_Semester_2017/EMP/CCS7_Workspace/Assignment1/Debug/Assignment1.out: a data verification error occurred, file load failed.


!ENTRY com.ti.ccstudio.debug 1 0 2017-02-16 15:41:43.525
!MESSAGE DS_ERROR: CORTEX_M4_0: File Loader: Verification failed: Values at address 0x00000720 do not match Please verify target memory and memory map.


!ENTRY com.ti.ccstudio.debug 1 0 2017-02-16 15:41:43.526
!MESSAGE DS_ERROR: CORTEX_M4_0: GEL: File: /home/vision/Dropbox/SDU/4_Semester_2017/EMP/CCS7_Workspace/Assignment1/Debug/Assignment1.out: a data verification error occurred, file load failed.


!ENTRY com.ti.ccstudio.debug 1 0 2017-02-16 15:41:49.114
!MESSAGE DS_ERROR: CORTEX_M4_0: Error: Debug Port error occurred.


!ENTRY com.ti.ccstudio.debug 1 0 2017-02-16 15:41:49.117
!MESSAGE DS_ERROR: CORTEX_M4_0: Trouble Halting Target CPU 


!ENTRY com.ti.ccstudio.debug 1 0 2017-02-16 15:41:49.119
!MESSAGE DS_ERROR: CORTEX_M4_0: Error: Debug Port error occurred.


!ENTRY com.ti.ccstudio.debug 1 0 2017-02-16 15:41:49.122
!MESSAGE DS_ERROR: CORTEX_M4_0: Trouble Halting Target CPU 


!ENTRY com.ti.ccstudio.debug 1 0 2017-02-16 15:41:50.908
!MESSAGE DS_ERROR: CORTEX_M4_0: Error: Debug Port error occurred.


!ENTRY com.ti.ccstudio.debug 1 0 2017-02-16 15:41:50.911
!MESSAGE DS_ERROR: CORTEX_M4_0: Trouble Halting Target CPU 


!ENTRY com.ti.ccstudio.debug 1 0 2017-02-16 15:41:50.913
!MESSAGE DS_ERROR: CORTEX_M4_0: Error: Debug Port error occurred.


!ENTRY com.ti.ccstudio.debug 1 0 2017-02-16 15:41:50.915
!MESSAGE DS_ERROR: CORTEX_M4_0: Trouble Halting Target CPU 


!ENTRY com.ti.ccstudio.debug 1 0 2017-02-16 15:41:51.711
!MESSAGE DS_ERROR: CORTEX_M4_0: Error: Debug Port error occurred.


!ENTRY com.ti.ccstudio.debug 1 0 2017-02-16 15:41:51.713
!MESSAGE DS_ERROR: CORTEX_M4_0: Trouble Halting Target CPU 


!ENTRY com.ti.ccstudio.debug 1 0 2017-02-16 15:41:51.716
!MESSAGE DS_ERROR: CORTEX_M4_0: Error: Debug Port error occurred.


!ENTRY com.ti.ccstudio.debug 1 0 2017-02-16 15:41:51.718
!MESSAGE DS_ERROR: CORTEX_M4_0: Trouble Halting Target CPU 


!ENTRY com.ti.ccstudio.debug 1 0 2017-02-16 15:42:06.080
!MESSAGE DS_ERROR: CORTEX_M4_0: File Loader: Verification failed: Values at address 0x00000720 do not match Please verify target memory and memory map.


!ENTRY com.ti.ccstudio.debug 1 0 2017-02-16 15:42:06.081
!MESSAGE DS_ERROR: CORTEX_M4_0: GEL: File: /home/vision/Dropbox/SDU/4_Semester_2017/EMP/CCS7_Workspace/Assignment1/Debug/Assignment1.out: a data verification error occurred, file load failed.


!ENTRY com.ti.ccstudio.debug 1 0 2017-02-16 15:43:02.471
!MESSAGE DS_ERROR: CORTEX_M4_0: GEL: Encountered a problem loading file: /home/vision/Dropbox/SDU/4_Semester_2017/EMP/CCS7_Workspace/Assignment1/Debug/Assignment1.out Could not open file


!ENTRY com.ti.ccstudio.debug 1 0 2017-02-16 15:43:28.689
!MESSAGE DS_ERROR: CORTEX_M4_0: File Loader: Verification failed: Values at address 0x00000714 do not match Please verify target memory and memory map.


!ENTRY com.ti.ccstudio.debug 1 0 2017-02-16 15:43:28.690
!MESSAGE DS_ERROR: CORTEX_M4_0: GEL: File: /home/vision/Dropbox/SDU/4_Semester_2017/EMP/CCS7_Workspace/Assignment1/Debug/Assignment1.out: a data verification error occurred, file load failed.


!ENTRY com.ti.ccstudio.debug 1 0 2017-02-16 15:44:20.916
!MESSAGE DS_ERROR: CORTEX_M4_0: File Loader: Verification failed: Values at address 0x00000714 do not match Please verify target memory and memory map.


!ENTRY com.ti.ccstudio.debug 1 0 2017-02-16 15:44:20.917
!MESSAGE DS_ERROR: CORTEX_M4_0: GEL: File: /home/vision/Dropbox/SDU/4_Semester_2017/EMP/CCS7_Workspace/Assignment1/Debug/Assignment1.out: a data verification error occurred, file load failed.


!ENTRY com.ti.ccstudio.debug 1 0 2017-02-16 15:48:09.313
!MESSAGE DS_ERROR: CORTEX_M4_0: File Loader: Verification failed: Values at address 0x00000720 do not match Please verify target memory and memory map.


!ENTRY com.ti.ccstudio.debug 1 0 2017-02-16 15:48:09.314
!MESSAGE DS_ERROR: CORTEX_M4_0: GEL: File: /home/vision/Dropbox/SDU/4_Semester_2017/EMP/CCS7_Workspace/Assignment1/Debug/Assignment1.out: a data verification error occurred, file load failed.


!ENTRY com.ti.ccstudio.debug 1 0 2017-02-16 15:50:12.079
!MESSAGE DS_ERROR: CORTEX_M4_0: File Loader: Verification failed: Values at address 0x00000720 do not match Please verify target memory and memory map.


!ENTRY com.ti.ccstudio.debug 1 0 2017-02-16 15:50:12.080
!MESSAGE DS_ERROR: CORTEX_M4_0: GEL: File: /home/vision/Dropbox/SDU/4_Semester_2017/EMP/CCS7_Workspace/Assignment1/Debug/Assignment1.out: a data verification error occurred, file load failed.


!ENTRY com.ti.ccstudio.debug 1 0 2017-02-16 15:52:39.160
!MESSAGE DS_ERROR: CORTEX_M4_0: File Loader: Verification failed: Values at address 0x00000720 do not match Please verify target memory and memory map.


!ENTRY com.ti.ccstudio.debug 1 0 2017-02-16 15:52:39.161
!MESSAGE DS_ERROR: CORTEX_M4_0: GEL: File: /home/vision/Dropbox/SDU/4_Semester_2017/EMP/CCS7_Workspace/Assignment1/Debug/Assignment1.out: a data verification error occurred, file load failed.


!ENTRY com.ti.ccstudio.debug 1 0 2017-02-16 15:54:21.509
!MESSAGE DS_ERROR: CORTEX_M4_0: File Loader: Verification failed: Values at address 0x00000720 do not match Please verify target memory and memory map.


!ENTRY com.ti.ccstudio.debug 1 0 2017-02-16 15:54:21.510
!MESSAGE DS_ERROR: CORTEX_M4_0: GEL: File: /home/vision/Dropbox/SDU/4_Semester_2017/EMP/CCS7_Workspace/Assignment1/Debug/Assignment1.out: a data verification error occurred, file load failed.


!ENTRY org.eclipse.e4.ui.workbench 4 0 2017-02-16 16:17:41.243
!MESSAGE 
!STACK 0
java.lang.NullPointerException
	at com.ti.chromium.browser.JxBrowser.dispose(JxBrowser.java:209)
	at com.ti.browser.internal.TIBrowser.dispose(TIBrowser.java:159)
	at com.ti.ccstudio.internal.resource.explorer.editors.ResourceExplorerPage.dispose(ResourceExplorerPage.java:235)
	at org.eclipse.ui.forms.editor.FormEditor.dispose(FormEditor.java:410)
	at com.ti.ccstudio.internal.resource.explorer.editors.ResourceExplorerEditor.dispose(ResourceExplorerEditor.java:63)
	at org.eclipse.ui.internal.e4.compatibility.CompatibilityPart.invalidate(CompatibilityPart.java:238)
	at org.eclipse.ui.internal.e4.compatibility.CompatibilityPart.destroy(CompatibilityPart.java:394)
	at sun.reflect.NativeMethodAccessorImpl.invoke0(Native Method)
	at sun.reflect.NativeMethodAccessorImpl.invoke(NativeMethodAccessorImpl.java:62)
	at sun.reflect.DelegatingMethodAccessorImpl.invoke(DelegatingMethodAccessorImpl.java:43)
	at java.lang.reflect.Method.invoke(Method.java:498)
	at org.eclipse.e4.core.internal.di.MethodRequestor.execute(MethodRequestor.java:54)
	at org.eclipse.e4.core.internal.di.InjectorImpl.processAnnotated(InjectorImpl.java:966)
	at org.eclipse.e4.core.internal.di.InjectorImpl.processAnnotated(InjectorImpl.java:931)
	at org.eclipse.e4.core.internal.di.InjectorImpl.uninject(InjectorImpl.java:212)
	at org.eclipse.e4.core.internal.di.Requestor.uninject(Requestor.java:170)
	at org.eclipse.e4.core.internal.contexts.ContextObjectSupplier$ContextInjectionListener.update(ContextObjectSupplier.java:84)
	at org.eclipse.e4.core.internal.contexts.TrackableComputationExt.update(TrackableComputationExt.java:111)
	at org.eclipse.e4.core.internal.contexts.EclipseContext.removeListenersTo(EclipseContext.java:470)
	at org.eclipse.e4.core.contexts.ContextInjectionFactory.uninject(ContextInjectionFactory.java:144)
	at org.eclipse.e4.ui.internal.workbench.swt.PartRenderingEngine.safeRemoveGui(PartRenderingEngine.java:927)
	at org.eclipse.e4.ui.internal.workbench.swt.PartRenderingEngine.access$1(PartRenderingEngine.java:846)
	at org.eclipse.e4.ui.internal.workbench.swt.PartRenderingEngine$3.run(PartRenderingEngine.java:841)
	at org.eclipse.core.runtime.SafeRunner.run(SafeRunner.java:42)
	at org.eclipse.e4.ui.internal.workbench.swt.PartRenderingEngine.removeGui(PartRenderingEngine.java:825)
	at org.eclipse.e4.ui.internal.workbench.swt.PartRenderingEngine.subscribeTopicToBeRendered(PartRenderingEngine.java:173)
	at sun.reflect.GeneratedMethodAccessor86.invoke(Unknown Source)
	at sun.reflect.DelegatingMethodAccessorImpl.invoke(DelegatingMethodAccessorImpl.java:43)
	at java.lang.reflect.Method.invoke(Method.java:498)
	at org.eclipse.e4.core.internal.di.MethodRequestor.execute(MethodRequestor.java:54)
	at org.eclipse.e4.core.di.internal.extensions.EventObjectSupplier$DIEventHandler.handleEvent(EventObjectSupplier.java:80)
	at org.eclipse.equinox.internal.event.EventHandlerWrapper.handleEvent(EventHandlerWrapper.java:201)
	at org.eclipse.equinox.internal.event.EventHandlerTracker.dispatchEvent(EventHandlerTracker.java:197)
	at org.eclipse.equinox.internal.event.EventHandlerTracker.dispatchEvent(EventHandlerTracker.java:1)
	at org.eclipse.osgi.framework.eventmgr.EventManager.dispatchEvent(EventManager.java:230)
	at org.eclipse.osgi.framework.eventmgr.ListenerQueue.dispatchEventSynchronous(ListenerQueue.java:148)
	at org.eclipse.equinox.internal.event.EventAdminImpl.dispatchEvent(EventAdminImpl.java:135)
	at org.eclipse.equinox.internal.event.EventAdminImpl.sendEvent(EventAdminImpl.java:78)
	at org.eclipse.equinox.internal.event.EventComponent.sendEvent(EventComponent.java:39)
	at org.eclipse.e4.ui.services.internal.events.EventBroker.send(EventBroker.java:94)
	at org.eclipse.e4.ui.internal.workbench.UIEventPublisher.notifyChanged(UIEventPublisher.java:60)
	at org.eclipse.emf.common.notify.impl.BasicNotifierImpl.eNotify(BasicNotifierImpl.java:374)
	at org.eclipse.e4.ui.model.application.ui.impl.UIElementImpl.setToBeRendered(UIElementImpl.java:303)
	at org.eclipse.e4.ui.internal.workbench.PartServiceImpl.hidePart(PartServiceImpl.java:1350)
	at org.eclipse.e4.ui.internal.workbench.PartServiceImpl.hidePart(PartServiceImpl.java:1284)
	at org.eclipse.e4.ui.workbench.renderers.swt.StackRenderer.closePart(StackRenderer.java:1289)
	at org.eclipse.e4.ui.workbench.renderers.swt.StackRenderer.access$2(StackRenderer.java:1271)
	at org.eclipse.e4.ui.workbench.renderers.swt.StackRenderer$7.close(StackRenderer.java:1156)
	at org.eclipse.swt.custom.CTabFolder.onMouse(CTabFolder.java:1930)
	at org.eclipse.swt.custom.CTabFolder$1.handleEvent(CTabFolder.java:338)
	at org.eclipse.swt.widgets.EventTable.sendEvent(EventTable.java:84)
	at org.eclipse.swt.widgets.Display.sendEvent(Display.java:5219)
	at org.eclipse.swt.widgets.Widget.sendEvent(Widget.java:1340)
	at org.eclipse.swt.widgets.Display.runDeferredEvents(Display.java:4553)
	at org.eclipse.swt.widgets.Display.readAndDispatch(Display.java:4143)
	at org.eclipse.e4.ui.internal.workbench.swt.PartRenderingEngine$4.run(PartRenderingEngine.java:1121)
	at org.eclipse.core.databinding.observable.Realm.runWithDefault(Realm.java:336)
	at org.eclipse.e4.ui.internal.workbench.swt.PartRenderingEngine.run(PartRenderingEngine.java:1022)
	at org.eclipse.e4.ui.internal.workbench.E4Workbench.createAndRunUI(E4Workbench.java:150)
	at org.eclipse.ui.internal.Workbench$5.run(Workbench.java:687)
	at org.eclipse.core.databinding.observable.Realm.runWithDefault(Realm.java:336)
	at org.eclipse.ui.internal.Workbench.createAndRunWorkbench(Workbench.java:604)
	at org.eclipse.ui.PlatformUI.createAndRunWorkbench(PlatformUI.java:148)
	at org.eclipse.ui.internal.ide.application.IDEApplication.start(IDEApplication.java:138)
	at org.eclipse.equinox.internal.app.EclipseAppHandle.run(EclipseAppHandle.java:196)
	at org.eclipse.core.runtime.internal.adaptor.EclipseAppLauncher.runApplication(EclipseAppLauncher.java:134)
	at org.eclipse.core.runtime.internal.adaptor.EclipseAppLauncher.start(EclipseAppLauncher.java:104)
	at org.eclipse.core.runtime.adaptor.EclipseStarter.run(EclipseStarter.java:388)
	at org.eclipse.core.runtime.adaptor.EclipseStarter.run(EclipseStarter.java:243)
	at sun.reflect.NativeMethodAccessorImpl.invoke0(Native Method)
	at sun.reflect.NativeMethodAccessorImpl.invoke(NativeMethodAccessorImpl.java:62)
	at sun.reflect.DelegatingMethodAccessorImpl.invoke(DelegatingMethodAccessorImpl.java:43)
	at java.lang.reflect.Method.invoke(Method.java:498)
	at org.eclipse.equinox.launcher.Main.invokeFramework(Main.java:673)
	at org.eclipse.equinox.launcher.Main.basicRun(Main.java:610)
	at org.eclipse.equinox.launcher.Main.run(Main.java:1519)

!ENTRY com.ti.ccstudio.debug 1 0 2017-02-16 16:18:03.960
!MESSAGE DS_ERROR: CORTEX_M4_0: File Loader: Verification failed: Values at address 0x000007D0 do not match Please verify target memory and memory map.


!ENTRY com.ti.ccstudio.debug 1 0 2017-02-16 16:18:03.961
!MESSAGE DS_ERROR: CORTEX_M4_0: GEL: File: /home/vision/Dropbox/SDU/4_Semester_2017/EMP/CCS7_Workspace/Assignment1/Debug/Assignment1.out: a data verification error occurred, file load failed.

!SESSION 2017-03-06 08:20:47.205 -----------------------------------------------
eclipse.buildId=4.6.0.I20160606-1100
java.version=1.8.0_112
java.vendor=Oracle Corporation
BootLoader constants: OS=win32, ARCH=x86, WS=win32, NL=en_US
Framework arguments:  -product com.ti.ccstudio.branding.product
Command-line arguments:  -os win32 -ws win32 -arch x86 -product com.ti.ccstudio.branding.product

!ENTRY com.ti.common.core 4 0 2017-03-06 08:20:55.910
!MESSAGE path=ccs_base/DebugServer

!ENTRY com.ti.common.core 4 0 2017-03-06 08:20:55.910
!MESSAGE debugServerDir=C:/ti/ccsv7/ccs_base/DebugServer

!ENTRY org.eclipse.ui 4 4 2017-03-06 08:21:03.948
!MESSAGE Unable to create part
!SUBENTRY 1 org.eclipse.core.filebuffers 4 0 2017-03-06 08:21:03.948
!MESSAGE Cannot determine URI for '/Assignment1/main.c'.
!STACK 1
org.eclipse.core.runtime.CoreException: Cannot determine URI for '/Assignment1/main.c'.
	at org.eclipse.core.internal.filebuffers.ResourceFileBuffer.create(ResourceFileBuffer.java:239)
	at org.eclipse.core.internal.filebuffers.TextFileBufferManager.connect(TextFileBufferManager.java:112)
	at org.eclipse.ui.editors.text.TextFileDocumentProvider.createFileInfo(TextFileDocumentProvider.java:560)
	at org.eclipse.cdt.internal.ui.editor.CDocumentProvider.createFileInfo(CDocumentProvider.java:789)
	at org.eclipse.ui.editors.text.TextFileDocumentProvider.connect(TextFileDocumentProvider.java:478)
	at org.eclipse.cdt.internal.ui.editor.CDocumentProvider.connect(CDocumentProvider.java:721)
	at org.eclipse.ui.texteditor.AbstractTextEditor.doSetInput(AbstractTextEditor.java:4178)
	at org.eclipse.ui.texteditor.StatusTextEditor.doSetInput(StatusTextEditor.java:229)
	at org.eclipse.ui.texteditor.AbstractDecoratedTextEditor.doSetInput(AbstractDecoratedTextEditor.java:1466)
	at org.eclipse.ui.editors.text.TextEditor.doSetInput(TextEditor.java:150)
	at org.eclipse.cdt.internal.ui.editor.CEditor.internalDoSetInput(CEditor.java:1430)
	at org.eclipse.cdt.internal.ui.editor.CEditor.doSetInput(CEditor.java:1395)
	at org.eclipse.ui.texteditor.AbstractTextEditor$5.run(AbstractTextEditor.java:3154)
	at org.eclipse.ui.internal.WorkbenchWindow.run(WorkbenchWindow.java:2126)
	at org.eclipse.ui.texteditor.AbstractTextEditor.internalInit(AbstractTextEditor.java:3172)
	at org.eclipse.ui.texteditor.AbstractTextEditor.init(AbstractTextEditor.java:3197)
	at org.eclipse.ui.internal.EditorReference.initialize(EditorReference.java:362)
	at org.eclipse.ui.internal.e4.compatibility.CompatibilityPart.create(CompatibilityPart.java:319)
	at sun.reflect.NativeMethodAccessorImpl.invoke0(Native Method)
	at sun.reflect.NativeMethodAccessorImpl.invoke(NativeMethodAccessorImpl.java:62)
	at sun.reflect.DelegatingMethodAccessorImpl.invoke(DelegatingMethodAccessorImpl.java:43)
	at java.lang.reflect.Method.invoke(Method.java:498)
	at org.eclipse.e4.core.internal.di.MethodRequestor.execute(MethodRequestor.java:54)
	at org.eclipse.e4.core.internal.di.InjectorImpl.processAnnotated(InjectorImpl.java:966)
	at org.eclipse.e4.core.internal.di.InjectorImpl.processAnnotated(InjectorImpl.java:931)
	at org.eclipse.e4.core.internal.di.InjectorImpl.inject(InjectorImpl.java:151)
	at org.eclipse.e4.core.internal.di.InjectorImpl.internalMake(InjectorImpl.java:375)
	at org.eclipse.e4.core.internal.di.InjectorImpl.make(InjectorImpl.java:294)
	at org.eclipse.e4.core.contexts.ContextInjectionFactory.make(ContextInjectionFactory.java:162)
	at org.eclipse.e4.ui.internal.workbench.ReflectionContributionFactory.createFromBundle(ReflectionContributionFactory.java:105)
	at org.eclipse.e4.ui.internal.workbench.ReflectionContributionFactory.doCreate(ReflectionContributionFactory.java:74)
	at org.eclipse.e4.ui.internal.workbench.ReflectionContributionFactory.create(ReflectionContributionFactory.java:56)
	at org.eclipse.e4.ui.workbench.renderers.swt.ContributedPartRenderer.createWidget(ContributedPartRenderer.java:129)
	at org.eclipse.e4.ui.internal.workbench.swt.PartRenderingEngine.createWidget(PartRenderingEngine.java:975)
	at org.eclipse.e4.ui.internal.workbench.swt.PartRenderingEngine.safeCreateGui(PartRenderingEngine.java:651)
	at org.eclipse.e4.ui.internal.workbench.swt.PartRenderingEngine.safeCreateGui(PartRenderingEngine.java:757)
	at org.eclipse.e4.ui.internal.workbench.swt.PartRenderingEngine.access$0(PartRenderingEngine.java:728)
	at org.eclipse.e4.ui.internal.workbench.swt.PartRenderingEngine$2.run(PartRenderingEngine.java:722)
	at org.eclipse.core.runtime.SafeRunner.run(SafeRunner.java:42)
	at org.eclipse.e4.ui.internal.workbench.swt.PartRenderingEngine.createGui(PartRenderingEngine.java:706)
	at org.eclipse.e4.ui.workbench.renderers.swt.StackRenderer.showTab(StackRenderer.java:1317)
	at org.eclipse.e4.ui.workbench.renderers.swt.LazyStackRenderer.postProcess(LazyStackRenderer.java:103)
	at org.eclipse.e4.ui.internal.workbench.swt.PartRenderingEngine.safeCreateGui(PartRenderingEngine.java:669)
	at org.eclipse.e4.ui.internal.workbench.swt.PartRenderingEngine.safeCreateGui(PartRenderingEngine.java:757)
	at org.eclipse.e4.ui.internal.workbench.swt.PartRenderingEngine.access$0(PartRenderingEngine.java:728)
	at org.eclipse.e4.ui.internal.workbench.swt.PartRenderingEngine$2.run(PartRenderingEngine.java:722)
	at org.eclipse.core.runtime.SafeRunner.run(SafeRunner.java:42)
	at org.eclipse.e4.ui.internal.workbench.swt.PartRenderingEngine.createGui(PartRenderingEngine.java:706)
	at org.eclipse.e4.ui.workbench.renderers.swt.SWTPartRenderer.processContents(SWTPartRenderer.java:70)
	at org.eclipse.e4.ui.internal.workbench.swt.PartRenderingEngine.safeCreateGui(PartRenderingEngine.java:665)
	at org.eclipse.e4.ui.internal.workbench.swt.PartRenderingEngine$1.run(PartRenderingEngine.java:536)
	at org.eclipse.core.runtime.SafeRunner.run(SafeRunner.java:42)
	at org.eclipse.e4.ui.internal.workbench.swt.PartRenderingEngine.createGui(PartRenderingEngine.java:520)
	at org.eclipse.e4.ui.workbench.renderers.swt.ElementReferenceRenderer.createWidget(ElementReferenceRenderer.java:70)
	at org.eclipse.e4.ui.internal.workbench.swt.PartRenderingEngine.createWidget(PartRenderingEngine.java:975)
	at org.eclipse.e4.ui.internal.workbench.swt.PartRenderingEngine.safeCreateGui(PartRenderingEngine.java:651)
	at org.eclipse.e4.ui.internal.workbench.swt.PartRenderingEngine.safeCreateGui(PartRenderingEngine.java:757)
	at org.eclipse.e4.ui.internal.workbench.swt.PartRenderingEngine.access$0(PartRenderingEngine.java:728)
	at org.eclipse.e4.ui.internal.workbench.swt.PartRenderingEngine$2.run(PartRenderingEngine.java:722)
	at org.eclipse.core.runtime.SafeRunner.run(SafeRunner.java:42)
	at org.eclipse.e4.ui.internal.workbench.swt.PartRenderingEngine.createGui(PartRenderingEngine.java:706)
	at org.eclipse.e4.ui.workbench.renderers.swt.SWTPartRenderer.processContents(SWTPartRenderer.java:70)
	at org.eclipse.e4.ui.workbench.renderers.swt.SashRenderer.processContents(SashRenderer.java:142)
	at org.eclipse.e4.ui.internal.workbench.swt.PartRenderingEngine.safeCreateGui(PartRenderingEngine.java:665)
	at org.eclipse.e4.ui.internal.workbench.swt.PartRenderingEngine.safeCreateGui(PartRenderingEngine.java:757)
	at org.eclipse.e4.ui.internal.workbench.swt.PartRenderingEngine.access$0(PartRenderingEngine.java:728)
	at org.eclipse.e4.ui.internal.workbench.swt.PartRenderingEngine$2.run(PartRenderingEngine.java:722)
	at org.eclipse.core.runtime.SafeRunner.run(SafeRunner.java:42)
	at org.eclipse.e4.ui.internal.workbench.swt.PartRenderingEngine.createGui(PartRenderingEngine.java:706)
	at org.eclipse.e4.ui.workbench.renderers.swt.SWTPartRenderer.processContents(SWTPartRenderer.java:70)
	at org.eclipse.e4.ui.workbench.renderers.swt.SashRenderer.processContents(SashRenderer.java:142)
	at org.eclipse.e4.ui.internal.workbench.swt.PartRenderingEngine.safeCreateGui(PartRenderingEngine.java:665)
	at org.eclipse.e4.ui.internal.workbench.swt.PartRenderingEngine.safeCreateGui(PartRenderingEngine.java:757)
	at org.eclipse.e4.ui.internal.workbench.swt.PartRenderingEngine.access$0(PartRenderingEngine.java:728)
	at org.eclipse.e4.ui.internal.workbench.swt.PartRenderingEngine$2.run(PartRenderingEngine.java:722)
	at org.eclipse.core.runtime.SafeRunner.run(SafeRunner.java:42)
	at org.eclipse.e4.ui.internal.workbench.swt.PartRenderingEngine.createGui(PartRenderingEngine.java:706)
	at org.eclipse.e4.ui.workbench.renderers.swt.SWTPartRenderer.processContents(SWTPartRenderer.java:70)
	at org.eclipse.e4.ui.workbench.renderers.swt.SashRenderer.processContents(SashRenderer.java:142)
	at org.eclipse.e4.ui.internal.workbench.swt.PartRenderingEngine.safeCreateGui(PartRenderingEngine.java:665)
	at org.eclipse.e4.ui.internal.workbench.swt.PartRenderingEngine.safeCreateGui(PartRenderingEngine.java:757)
	at org.eclipse.e4.ui.internal.workbench.swt.PartRenderingEngine.access$0(PartRenderingEngine.java:728)
	at org.eclipse.e4.ui.internal.workbench.swt.PartRenderingEngine$2.run(PartRenderingEngine.java:722)
	at org.eclipse.core.runtime.SafeRunner.run(SafeRunner.java:42)
	at org.eclipse.e4.ui.internal.workbench.swt.PartRenderingEngine.createGui(PartRenderingEngine.java:706)
	at org.eclipse.e4.ui.workbench.renderers.swt.SWTPartRenderer.processContents(SWTPartRenderer.java:70)
	at org.eclipse.e4.ui.workbench.renderers.swt.SashRenderer.processContents(SashRenderer.java:142)
	at org.eclipse.e4.ui.internal.workbench.swt.PartRenderingEngine.safeCreateGui(PartRenderingEngine.java:665)
	at org.eclipse.e4.ui.internal.workbench.swt.PartRenderingEngine.safeCreateGui(PartRenderingEngine.java:757)
	at org.eclipse.e4.ui.internal.workbench.swt.PartRenderingEngine.access$0(PartRenderingEngine.java:728)
	at org.eclipse.e4.ui.internal.workbench.swt.PartRenderingEngine$2.run(PartRenderingEngine.java:722)
	at org.eclipse.core.runtime.SafeRunner.run(SafeRunner.java:42)
	at org.eclipse.e4.ui.internal.workbench.swt.PartRenderingEngine.createGui(PartRenderingEngine.java:706)
	at org.eclipse.e4.ui.workbench.renderers.swt.SWTPartRenderer.processContents(SWTPartRenderer.java:70)
	at org.eclipse.e4.ui.workbench.renderers.swt.SashRenderer.processContents(SashRenderer.java:142)
	at org.eclipse.e4.ui.internal.workbench.swt.PartRenderingEngine.safeCreateGui(PartRenderingEngine.java:665)
	at org.eclipse.e4.ui.internal.workbench.swt.PartRenderingEngine.safeCreateGui(PartRenderingEngine.java:757)
	at org.eclipse.e4.ui.internal.workbench.swt.PartRenderingEngine.access$0(PartRenderingEngine.java:728)
	at org.eclipse.e4.ui.internal.workbench.swt.PartRenderingEngine$2.run(PartRenderingEngine.java:722)
	at org.eclipse.core.runtime.SafeRunner.run(SafeRunner.java:42)
	at org.eclipse.e4.ui.internal.workbench.swt.PartRenderingEngine.createGui(PartRenderingEngine.java:706)
	at org.eclipse.e4.ui.workbench.renderers.swt.SWTPartRenderer.processContents(SWTPartRenderer.java:70)
	at org.eclipse.e4.ui.workbench.renderers.swt.SashRenderer.processContents(SashRenderer.java:142)
	at org.eclipse.e4.ui.internal.workbench.swt.PartRenderingEngine.safeCreateGui(PartRenderingEngine.java:665)
	at org.eclipse.e4.ui.internal.workbench.swt.PartRenderingEngine.safeCreateGui(PartRenderingEngine.java:757)
	at org.eclipse.e4.ui.internal.workbench.swt.PartRenderingEngine.access$0(PartRenderingEngine.java:728)
	at org.eclipse.e4.ui.internal.workbench.swt.PartRenderingEngine$2.run(PartRenderingEngine.java:722)
	at org.eclipse.core.runtime.SafeRunner.run(SafeRunner.java:42)
	at org.eclipse.e4.ui.internal.workbench.swt.PartRenderingEngine.createGui(PartRenderingEngine.java:706)
	at org.eclipse.e4.ui.workbench.renderers.swt.SWTPartRenderer.processContents(SWTPartRenderer.java:70)
	at org.eclipse.e4.ui.workbench.renderers.swt.PerspectiveRenderer.processContents(PerspectiveRenderer.java:49)
	at org.eclipse.e4.ui.internal.workbench.swt.PartRenderingEngine.safeCreateGui(PartRenderingEngine.java:665)
	at org.eclipse.e4.ui.internal.workbench.swt.PartRenderingEngine.safeCreateGui(PartRenderingEngine.java:757)
	at org.eclipse.e4.ui.internal.workbench.swt.PartRenderingEngine.access$0(PartRenderingEngine.java:728)
	at org.eclipse.e4.ui.internal.workbench.swt.PartRenderingEngine$2.run(PartRenderingEngine.java:722)
	at org.eclipse.core.runtime.SafeRunner.run(SafeRunner.java:42)
	at org.eclipse.e4.ui.internal.workbench.swt.PartRenderingEngine.createGui(PartRenderingEngine.java:706)
	at org.eclipse.e4.ui.workbench.renderers.swt.PerspectiveStackRenderer.showTab(PerspectiveStackRenderer.java:82)
	at org.eclipse.e4.ui.workbench.renderers.swt.LazyStackRenderer.postProcess(LazyStackRenderer.java:103)
	at org.eclipse.e4.ui.workbench.renderers.swt.PerspectiveStackRenderer.postProcess(PerspectiveStackRenderer.java:63)
	at org.eclipse.e4.ui.internal.workbench.swt.PartRenderingEngine.safeCreateGui(PartRenderingEngine.java:669)
	at org.eclipse.e4.ui.internal.workbench.swt.PartRenderingEngine.safeCreateGui(PartRenderingEngine.java:757)
	at org.eclipse.e4.ui.internal.workbench.swt.PartRenderingEngine.access$0(PartRenderingEngine.java:728)
	at org.eclipse.e4.ui.internal.workbench.swt.PartRenderingEngine$2.run(PartRenderingEngine.java:722)
	at org.eclipse.core.runtime.SafeRunner.run(SafeRunner.java:42)
	at org.eclipse.e4.ui.internal.workbench.swt.PartRenderingEngine.createGui(PartRenderingEngine.java:706)
	at org.eclipse.e4.ui.workbench.renderers.swt.SWTPartRenderer.processContents(SWTPartRenderer.java:70)
	at org.eclipse.e4.ui.workbench.renderers.swt.SashRenderer.processContents(SashRenderer.java:142)
	at org.eclipse.e4.ui.internal.workbench.swt.PartRenderingEngine.safeCreateGui(PartRenderingEngine.java:665)
	at org.eclipse.e4.ui.internal.workbench.swt.PartRenderingEngine.safeCreateGui(PartRenderingEngine.java:757)
	at org.eclipse.e4.ui.internal.workbench.swt.PartRenderingEngine.access$0(PartRenderingEngine.java:728)
	at org.eclipse.e4.ui.internal.workbench.swt.PartRenderingEngine$2.run(PartRenderingEngine.java:722)
	at org.eclipse.core.runtime.SafeRunner.run(SafeRunner.java:42)
	at org.eclipse.e4.ui.internal.workbench.swt.PartRenderingEngine.createGui(PartRenderingEngine.java:706)
	at org.eclipse.e4.ui.workbench.renderers.swt.SWTPartRenderer.processContents(SWTPartRenderer.java:70)
	at org.eclipse.e4.ui.workbench.renderers.swt.WBWRenderer.processContents(WBWRenderer.java:725)
	at org.eclipse.e4.ui.internal.workbench.swt.PartRenderingEngine.safeCreateGui(PartRenderingEngine.java:665)
	at org.eclipse.e4.ui.internal.workbench.swt.PartRenderingEngine.safeCreateGui(PartRenderingEngine.java:757)
	at org.eclipse.e4.ui.internal.workbench.swt.PartRenderingEngine.access$0(PartRenderingEngine.java:728)
	at org.eclipse.e4.ui.internal.workbench.swt.PartRenderingEngine$2.run(PartRenderingEngine.java:722)
	at org.eclipse.core.runtime.SafeRunner.run(SafeRunner.java:42)
	at org.eclipse.e4.ui.internal.workbench.swt.PartRenderingEngine.createGui(PartRenderingEngine.java:706)
	at org.eclipse.e4.ui.internal.workbench.swt.PartRenderingEngine$4.run(PartRenderingEngine.java:1059)
	at org.eclipse.core.databinding.observable.Realm.runWithDefault(Realm.java:336)
	at org.eclipse.e4.ui.internal.workbench.swt.PartRenderingEngine.run(PartRenderingEngine.java:1022)
	at org.eclipse.e4.ui.internal.workbench.E4Workbench.createAndRunUI(E4Workbench.java:150)
	at org.eclipse.ui.internal.Workbench$5.run(Workbench.java:687)
	at org.eclipse.core.databinding.observable.Realm.runWithDefault(Realm.java:336)
	at org.eclipse.ui.internal.Workbench.createAndRunWorkbench(Workbench.java:604)
	at org.eclipse.ui.PlatformUI.createAndRunWorkbench(PlatformUI.java:148)
	at org.eclipse.ui.internal.ide.application.IDEApplication.start(IDEApplication.java:138)
	at org.eclipse.equinox.internal.app.EclipseAppHandle.run(EclipseAppHandle.java:196)
	at org.eclipse.core.runtime.internal.adaptor.EclipseAppLauncher.runApplication(EclipseAppLauncher.java:134)
	at org.eclipse.core.runtime.internal.adaptor.EclipseAppLauncher.start(EclipseAppLauncher.java:104)
	at org.eclipse.core.runtime.adaptor.EclipseStarter.run(EclipseStarter.java:388)
	at org.eclipse.core.runtime.adaptor.EclipseStarter.run(EclipseStarter.java:243)
	at sun.reflect.NativeMethodAccessorImpl.invoke0(Native Method)
	at sun.reflect.NativeMethodAccessorImpl.invoke(NativeMethodAccessorImpl.java:62)
	at sun.reflect.DelegatingMethodAccessorImpl.invoke(DelegatingMethodAccessorImpl.java:43)
	at java.lang.reflect.Method.invoke(Method.java:498)
	at org.eclipse.equinox.launcher.Main.invokeFramework(Main.java:673)
	at org.eclipse.equinox.launcher.Main.basicRun(Main.java:610)
	at org.eclipse.equinox.launcher.Main.run(Main.java:1519)
!SUBENTRY 2 org.eclipse.core.filebuffers 4 0 2017-03-06 08:21:03.954
!MESSAGE Cannot determine URI for '/Assignment1/main.c'.

!ENTRY com.ti.ccstudio.ui 4 0 2017-03-06 08:21:30.439
!MESSAGE Exception during context menu override initialization for part main.c
!STACK 0
java.lang.NullPointerException
	at com.ti.ccstudio.internal.ui.contribution.filters.PartContributionFilter.handlePartOpened(PartContributionFilter.java:147)
	at com.ti.ccstudio.ui.internal.decorations.DecorationManager$PartListener.partOpened(DecorationManager.java:217)
	at com.ti.ccstudio.ui.internal.decorations.DecorationManager$PartListener.<init>(DecorationManager.java:108)
	at com.ti.ccstudio.ui.internal.decorations.DecorationManager$WindowListener.windowOpened(DecorationManager.java:75)
	at com.ti.ccstudio.ui.internal.decorations.DecorationManager$WindowListener.<init>(DecorationManager.java:66)
	at com.ti.ccstudio.ui.internal.decorations.DecorationManager$1.run(DecorationManager.java:292)
	at org.eclipse.swt.widgets.RunnableLock.run(RunnableLock.java:35)
	at org.eclipse.swt.widgets.Synchronizer.runAsyncMessages(Synchronizer.java:182)
	at org.eclipse.swt.widgets.Display.runAsyncMessages(Display.java:4203)
	at org.eclipse.swt.widgets.Display.readAndDispatch(Display.java:3819)
	at org.eclipse.e4.ui.internal.workbench.swt.PartRenderingEngine$4.run(PartRenderingEngine.java:1121)
	at org.eclipse.core.databinding.observable.Realm.runWithDefault(Realm.java:336)
	at org.eclipse.e4.ui.internal.workbench.swt.PartRenderingEngine.run(PartRenderingEngine.java:1022)
	at org.eclipse.e4.ui.internal.workbench.E4Workbench.createAndRunUI(E4Workbench.java:150)
	at org.eclipse.ui.internal.Workbench$5.run(Workbench.java:687)
	at org.eclipse.core.databinding.observable.Realm.runWithDefault(Realm.java:336)
	at org.eclipse.ui.internal.Workbench.createAndRunWorkbench(Workbench.java:604)
	at org.eclipse.ui.PlatformUI.createAndRunWorkbench(PlatformUI.java:148)
	at org.eclipse.ui.internal.ide.application.IDEApplication.start(IDEApplication.java:138)
	at org.eclipse.equinox.internal.app.EclipseAppHandle.run(EclipseAppHandle.java:196)
	at org.eclipse.core.runtime.internal.adaptor.EclipseAppLauncher.runApplication(EclipseAppLauncher.java:134)
	at org.eclipse.core.runtime.internal.adaptor.EclipseAppLauncher.start(EclipseAppLauncher.java:104)
	at org.eclipse.core.runtime.adaptor.EclipseStarter.run(EclipseStarter.java:388)
	at org.eclipse.core.runtime.adaptor.EclipseStarter.run(EclipseStarter.java:243)
	at sun.reflect.NativeMethodAccessorImpl.invoke0(Native Method)
	at sun.reflect.NativeMethodAccessorImpl.invoke(NativeMethodAccessorImpl.java:62)
	at sun.reflect.DelegatingMethodAccessorImpl.invoke(DelegatingMethodAccessorImpl.java:43)
	at java.lang.reflect.Method.invoke(Method.java:498)
	at org.eclipse.equinox.launcher.Main.invokeFramework(Main.java:673)
	at org.eclipse.equinox.launcher.Main.basicRun(Main.java:610)
	at org.eclipse.equinox.launcher.Main.run(Main.java:1519)
